<?xml version="1.0" encoding="UTF-8"?>
<testng-results ignored="0" total="1" passed="1" failed="0" skipped="0">
  <reporter-output>
  </reporter-output>
  <suite started-at="2023-07-13T14:29:53 CDT" name="Default suite" finished-at="2023-07-13T14:30:00 CDT" duration-ms="7227">
    <groups>
    </groups>
    <test started-at="2023-07-13T14:29:53 CDT" name="Default test" finished-at="2023-07-13T14:30:00 CDT" duration-ms="7227">
      <class name="test.login_xero_Test">
        <test-method is-config="true" signature="setUp()[pri:0, instance:test.login_xero_Test@5c8eee0f]" started-at="2023-07-13T14:29:53 CDT" name="setUp" finished-at="2023-07-13T14:29:53 CDT" duration-ms="82" status="PASS">
          <reporter-output>
          </reporter-output>
        </test-method> <!-- setUp -->
        <test-method is-config="true" signature="setDriver(java.lang.reflect.Method)[pri:0, instance:test.login_xero_Test@5c8eee0f]" started-at="2023-07-13T14:29:53 CDT" name="setDriver" finished-at="2023-07-13T14:29:56 CDT" duration-ms="3207" status="PASS">
          <params>
            <param index="0">
              <value>
                <![CDATA[public void test.login_xero_Test.LoginTestCase()]]>
              </value>
            </param>
          </params>
          <reporter-output>
          </reporter-output>
        </test-method> <!-- setDriver -->
        <test-method signature="LoginTestCase()[pri:0, instance:test.login_xero_Test@5c8eee0f]" started-at="2023-07-13T14:29:56 CDT" name="LoginTestCase" finished-at="2023-07-13T14:30:00 CDT" duration-ms="3885" status="PASS">
          <reporter-output>
          </reporter-output>
        </test-method> <!-- LoginTestCase -->
        <test-method is-config="true" signature="closeBrowser()[pri:0, instance:test.login_xero_Test@5c8eee0f]" started-at="2023-07-13T14:30:00 CDT" name="closeBrowser" finished-at="2023-07-13T14:30:00 CDT" duration-ms="106" status="PASS">
          <reporter-output>
          </reporter-output>
        </test-method> <!-- closeBrowser -->
        <test-method is-config="true" signature="teardown()[pri:0, instance:test.login_xero_Test@5c8eee0f]" started-at="2023-07-13T14:30:00 CDT" name="teardown" finished-at="2023-07-13T14:30:00 CDT" duration-ms="1" status="PASS">
          <reporter-output>
          </reporter-output>
        </test-method> <!-- teardown -->
      </class> <!-- test.login_xero_Test -->
    </test> <!-- Default test -->
  </suite> <!-- Default suite -->
</testng-results>
